1537642659013	mozrunner::runner	INFO	Running command: "/Applications/Firefox.app/Contents/MacOS/firefox-bin" "-marionette" "-foreground" "-no-remote" "-profile" "/var/folders/7g/8zfvxwc9549037j8xnpf4f8c0000gn/T/rust_mozprofile.KN6PHOXZQzsq"
2018-09-22 13:57:40.958 plugin-container[9996:7624042] *** CFMessagePort: bootstrap_register(): failed 1100 (0x44c) 'Permission denied', port = 0x7507, name = 'com.apple.tsm.portname'
See /usr/include/servers/bootstrap_defs.h for the error codes.
2018-09-22 13:57:41.467 plugin-container[9997:7624074] *** CFMessagePort: bootstrap_register(): failed 1100 (0x44c) 'Permission denied', port = 0x6c43, name = 'com.apple.tsm.portname'
See /usr/include/servers/bootstrap_defs.h for the error codes.
1537642661999	Marionette	INFO	Listening on port 50011
1537642662066	Marionette	WARN	TLS certificate errors will be ignored for this session
1537642662136	Marionette	DEBUG	[4294967297] Frame script loaded
1537642662159	Marionette	DEBUG	[4294967297] Frame script registered
2018-09-22 13:57:42.278 plugin-container[9998:7624207] *** CFMessagePort: bootstrap_register(): failed 1100 (0x44c) 'Permission denied', port = 0x732b, name = 'com.apple.tsm.portname'
See /usr/include/servers/bootstrap_defs.h for the error codes.
2018-09-22 13:57:54.760 plugin-container[10004:7624368] *** CFMessagePort: bootstrap_register(): failed 1100 (0x44c) 'Permission denied', port = 0x753f, name = 'com.apple.tsm.portname'
See /usr/include/servers/bootstrap_defs.h for the error codes.
1537642746766	Marionette	INFO	Stopped listening on port 50011
1537642759890	mozrunner::runner	INFO	Running command: "/Applications/Firefox.app/Contents/MacOS/firefox-bin" "-marionette" "-foreground" "-no-remote" "-profile" "/var/folders/7g/8zfvxwc9549037j8xnpf4f8c0000gn/T/rust_mozprofile.GH06ZLSmVWBK"
2018-09-22 13:59:21.521 plugin-container[10042:7626427] *** CFMessagePort: bootstrap_register(): failed 1100 (0x44c) 'Permission denied', port = 0x8203, name = 'com.apple.tsm.portname'
See /usr/include/servers/bootstrap_defs.h for the error codes.
2018-09-22 13:59:21.904 plugin-container[10043:7626453] *** CFMessagePort: bootstrap_register(): failed 1100 (0x44c) 'Permission denied', port = 0x8843, name = 'com.apple.tsm.portname'
See /usr/include/servers/bootstrap_defs.h for the error codes.
1537642762242	Marionette	INFO	Listening on port 50123
1537642762283	Marionette	WARN	TLS certificate errors will be ignored for this session
1537642762341	Marionette	DEBUG	[4294967297] Frame script loaded
1537642762346	Marionette	DEBUG	[4294967297] Frame script registered
1537642762385	Marionette	DEBUG	[4294967297] Received DOM event beforeunload for about:blank
1537642762695	Marionette	DEBUG	[4294967297] Received DOM event pagehide for about:blank
2018-09-22 13:59:23.174 plugin-container[10044:7626618] *** CFMessagePort: bootstrap_register(): failed 1100 (0x44c) 'Permission denied', port = 0x8f03, name = 'com.apple.tsm.portname'
See /usr/include/servers/bootstrap_defs.h for the error codes.
1537642763214	Marionette	DEBUG	[4294967297] Received DOM event DOMContentLoaded for https://www.wisc.edu/directories/
1537642763634	Marionette	DEBUG	[4294967297] Received DOM event pageshow for https://www.wisc.edu/directories/
1537643195100	Marionette	DEBUG	[4294967301] Frame script loaded
1537643195123	Marionette	DEBUG	[4294967301] Frame script registered
1537643195124	Marionette	DEBUG	[6442450945] Frame script loaded
1537643195125	Marionette	DEBUG	[6442450945] Frame script registered
2018-09-22 14:06:36.865 plugin-container[10197:7634868] *** CFMessagePort: bootstrap_register(): failed 1100 (0x44c) 'Permission denied', port = 0x8347, name = 'com.apple.tsm.portname'
See /usr/include/servers/bootstrap_defs.h for the error codes.
1537644056856	Marionette	DEBUG	[4294967297] Canceled page load listener because no navigation has been detected
console.error: "TypeError: this.onSelected is not a function: onDetachedFront@resource://devtools/shared/base-loader.js -> resource://devtools/client/inspector/computed/computed.js:1461:5\nemit@resource://devtools/shared/base-loader.js -> resource://devtools/shared/event-emitter.js:178:37\nemit@resource://devtools/shared/base-loader.js -> resource://devtools/shared/event-emitter.js:255:29\n_onMutations@resource://devtools/shared/base-loader.js -> resource://devtools/client/framework/selection.js:105:7\nemit@resource://devtools/shared/base-loader.js -> resource://devtools/shared/event-emitter.js:178:37\nemit@resource://devtools/shared/base-loader.js -> resource://devtools/shared/event-emitter.js:255:29\nWalkerFront<.getMutations</<@resource://devtools/shared/base-loader.js -> resource://devtools/shared/fronts/inspector.js:420:7\n"
TypeError: this.onSelected is not a function: onDetachedFront@resource://devtools/shared/base-loader.js -> resource://devtools/client/inspector/computed/computed.js:1461:5
emit@resource://devtools/shared/base-loader.js -> resource://devtools/shared/event-emitter.js:178:37
emit@resource://devtools/shared/base-loader.js -> resource://devtools/shared/event-emitter.js:255:29
_onMutations@resource://devtools/shared/base-loader.js -> resource://devtools/client/framework/selection.js:105:7
emit@resource://devtools/shared/base-loader.js -> resource://devtools/shared/event-emitter.js:178:37
emit@resource://devtools/shared/base-loader.js -> resource://devtools/shared/event-emitter.js:255:29
WalkerFront<.getMutations</<@resource://devtools/shared/base-loader.js -> resource://devtools/shared/fronts/inspector.js:420:7

IPDL protocol error: Handler returned error code!

###!!! [Parent][DispatchAsyncMessage] Error: PLayerTransaction::Msg_ReleaseLayer Processing error: message was deserialized, but the handler returned false (indicating failure)

IPDL protocol error: Handler returned error code!

###!!! [Parent][DispatchAsyncMessage] Error: PLayerTransaction::Msg_ReleaseLayer Processing error: message was deserialized, but the handler returned false (indicating failure)

IPDL protocol error: Handler returned error code!

###!!! [Parent][DispatchAsyncMessage] Error: PLayerTransaction::Msg_ReleaseLayer Processing error: message was deserialized, but the handler returned false (indicating failure)

IPDL protocol error: Handler returned error code!

###!!! [Parent][DispatchAsyncMessage] Error: PLayerTransaction::Msg_ReleaseLayer Processing error: message was deserialized, but the handler returned false (indicating failure)

IPDL protocol error: Handler returned error code!

###!!! [Parent][DispatchAsyncMessage] Error: PLayerTransaction::Msg_ReleaseLayer Processing error: message was deserialized, but the handler returned false (indicating failure)

1537644106202	mozrunner::runner	INFO	Running command: "/Applications/Firefox.app/Contents/MacOS/firefox-bin" "-marionette" "-foreground" "-no-remote" "-profile" "/var/folders/7g/8zfvxwc9549037j8xnpf4f8c0000gn/T/rust_mozprofile.uwWmjtOxnk3O"
2018-09-22 14:21:47.901 plugin-container[10527:7653093] *** CFMessagePort: bootstrap_register(): failed 1100 (0x44c) 'Permission denied', port = 0x8237, name = 'com.apple.tsm.portname'
See /usr/include/servers/bootstrap_defs.h for the error codes.
2018-09-22 14:21:48.293 plugin-container[10528:7653126] *** CFMessagePort: bootstrap_register(): failed 1100 (0x44c) 'Permission denied', port = 0x8d3f, name = 'com.apple.tsm.portname'
See /usr/include/servers/bootstrap_defs.h for the error codes.
1537644108614	Marionette	INFO	Listening on port 50568
1537644108687	Marionette	WARN	TLS certificate errors will be ignored for this session
1537644108738	Marionette	DEBUG	[4294967297] Frame script loaded
1537644108743	Marionette	DEBUG	[4294967297] Frame script registered
1537644108853	Marionette	DEBUG	[4294967297] Received DOM event beforeunload for about:blank
1537644109048	Marionette	DEBUG	[4294967297] Received DOM event pagehide for about:blank
2018-09-22 14:21:49.316 plugin-container[10530:7653283] *** CFMessagePort: bootstrap_register(): failed 1100 (0x44c) 'Permission denied', port = 0x7003, name = 'com.apple.tsm.portname'
See /usr/include/servers/bootstrap_defs.h for the error codes.
1537644109554	Marionette	DEBUG	[4294967297] Received DOM event DOMContentLoaded for https://www.wisc.edu/directories/
1537644110000	Marionette	DEBUG	[4294967297] Received DOM event pageshow for https://www.wisc.edu/directories/
1537644115376	Marionette	DEBUG	[4294967297] Canceled page load listener because no navigation has been detected
1537644134312	Marionette	DEBUG	[4294967297] Received DOM event beforeunload for https://www.wisc.edu/directories/
1537644134370	Marionette	DEBUG	[4294967297] Received DOM event pagehide for https://www.wisc.edu/directories/
1537644134370	Marionette	DEBUG	[4294967297] Received DOM event unload for https://www.wisc.edu/directories/
1537644134473	Marionette	DEBUG	[4294967297] Received DOM event DOMContentLoaded for https://www.wisc.edu/directories/
1537644134594	Marionette	DEBUG	[4294967297] Received DOM event pageshow for https://www.wisc.edu/directories/
1537644137319	Marionette	DEBUG	[4294967297] Canceled page load listener because no navigation has been detected
console.error: "TypeError: this.onSelected is not a function: onDetachedFront@resource://devtools/shared/base-loader.js -> resource://devtools/client/inspector/computed/computed.js:1461:5\nemit@resource://devtools/shared/base-loader.js -> resource://devtools/shared/event-emitter.js:178:37\nemit@resource://devtools/shared/base-loader.js -> resource://devtools/shared/event-emitter.js:255:29\n_onMutations@resource://devtools/shared/base-loader.js -> resource://devtools/client/framework/selection.js:105:7\nemit@resource://devtools/shared/base-loader.js -> resource://devtools/shared/event-emitter.js:178:37\nemit@resource://devtools/shared/base-loader.js -> resource://devtools/shared/event-emitter.js:255:29\nWalkerFront<.getMutations</<@resource://devtools/shared/base-loader.js -> resource://devtools/shared/fronts/inspector.js:420:7\n"
TypeError: this.onSelected is not a function: onDetachedFront@resource://devtools/shared/base-loader.js -> resource://devtools/client/inspector/computed/computed.js:1461:5
emit@resource://devtools/shared/base-loader.js -> resource://devtools/shared/event-emitter.js:178:37
emit@resource://devtools/shared/base-loader.js -> resource://devtools/shared/event-emitter.js:255:29
_onMutations@resource://devtools/shared/base-loader.js -> resource://devtools/client/framework/selection.js:105:7
emit@resource://devtools/shared/base-loader.js -> resource://devtools/shared/event-emitter.js:178:37
emit@resource://devtools/shared/base-loader.js -> resource://devtools/shared/event-emitter.js:255:29
WalkerFront<.getMutations</<@resource://devtools/shared/base-loader.js -> resource://devtools/shared/fronts/inspector.js:420:7

1537645367344	Marionette	INFO	Stopped listening on port 50123
1537645370067	Marionette	INFO	Stopped listening on port 50568
1537645381367	mozrunner::runner	INFO	Running command: "/Applications/Firefox.app/Contents/MacOS/firefox-bin" "-marionette" "-foreground" "-no-remote" "-profile" "/var/folders/7g/8zfvxwc9549037j8xnpf4f8c0000gn/T/rust_mozprofile.5ujn5miEbk6X"
2018-09-22 14:43:03.455 plugin-container[10997:7677463] *** CFMessagePort: bootstrap_register(): failed 1100 (0x44c) 'Permission denied', port = 0x783f, name = 'com.apple.tsm.portname'
See /usr/include/servers/bootstrap_defs.h for the error codes.
2018-09-22 14:43:03.854 plugin-container[10998:7677492] *** CFMessagePort: bootstrap_register(): failed 1100 (0x44c) 'Permission denied', port = 0x750b, name = 'com.apple.tsm.portname'
See /usr/include/servers/bootstrap_defs.h for the error codes.
1537645384215	Marionette	INFO	Listening on port 51026
1537645384253	Marionette	WARN	TLS certificate errors will be ignored for this session
1537645384309	Marionette	DEBUG	[4294967297] Frame script loaded
1537645384320	Marionette	DEBUG	[4294967297] Frame script registered
1537645384459	Marionette	DEBUG	[4294967297] Received DOM event beforeunload for about:blank
1537645384670	Marionette	DEBUG	[4294967297] Received DOM event pagehide for about:blank
2018-09-22 14:43:04.930 plugin-container[10999:7677642] *** CFMessagePort: bootstrap_register(): failed 1100 (0x44c) 'Permission denied', port = 0x7043, name = 'com.apple.tsm.portname'
See /usr/include/servers/bootstrap_defs.h for the error codes.
1537645385192	Marionette	DEBUG	[4294967297] Received DOM event DOMContentLoaded for https://www.wisc.edu/directories/
1537645385607	Marionette	DEBUG	[4294967297] Received DOM event pageshow for https://www.wisc.edu/directories/
1537645385973	Marionette	DEBUG	[4294967297] Canceled page load listener because no navigation has been detected
1537645407181	Marionette	INFO	Stopped listening on port 51026
1537645414966	mozrunner::runner	INFO	Running command: "/Applications/Firefox.app/Contents/MacOS/firefox-bin" "-marionette" "-foreground" "-no-remote" "-profile" "/var/folders/7g/8zfvxwc9549037j8xnpf4f8c0000gn/T/rust_mozprofile.f3nq44RXCFpE"
2018-09-22 14:43:36.460 plugin-container[11016:7678575] *** CFMessagePort: bootstrap_register(): failed 1100 (0x44c) 'Permission denied', port = 0x7143, name = 'com.apple.tsm.portname'
See /usr/include/servers/bootstrap_defs.h for the error codes.
2018-09-22 14:43:36.817 plugin-container[11017:7678599] *** CFMessagePort: bootstrap_register(): failed 1100 (0x44c) 'Permission denied', port = 0x7d43, name = 'com.apple.tsm.portname'
See /usr/include/servers/bootstrap_defs.h for the error codes.
1537645417103	Marionette	INFO	Listening on port 51121
1537645417136	Marionette	WARN	TLS certificate errors will be ignored for this session
1537645417209	Marionette	DEBUG	[4294967297] Frame script loaded
1537645417215	Marionette	DEBUG	[4294967297] Frame script registered
1537645417261	Marionette	DEBUG	[4294967297] Received DOM event beforeunload for about:blank
1537645417568	Marionette	DEBUG	[4294967297] Received DOM event pagehide for about:blank
2018-09-22 14:43:37.903 plugin-container[11018:7678748] *** CFMessagePort: bootstrap_register(): failed 1100 (0x44c) 'Permission denied', port = 0x763f, name = 'com.apple.tsm.portname'
See /usr/include/servers/bootstrap_defs.h for the error codes.
1537645418048	Marionette	DEBUG	[4294967297] Received DOM event DOMContentLoaded for https://www.wisc.edu/directories/
1537645419379	Marionette	DEBUG	[4294967297] Received DOM event pageshow for https://www.wisc.edu/directories/
1537645419667	Marionette	DEBUG	[4294967297] Canceled page load listener because no navigation has been detected
1537645582402	mozrunner::runner	INFO	Running command: "/Applications/Firefox.app/Contents/MacOS/firefox-bin" "-marionette" "-foreground" "-no-remote" "-profile" "/var/folders/7g/8zfvxwc9549037j8xnpf4f8c0000gn/T/rust_mozprofile.Wc1AGie4evkm"
2018-09-22 14:46:23.960 plugin-container[11071:7680615] *** CFMessagePort: bootstrap_register(): failed 1100 (0x44c) 'Permission denied', port = 0x7737, name = 'com.apple.tsm.portname'
See /usr/include/servers/bootstrap_defs.h for the error codes.
2018-09-22 14:46:24.332 plugin-container[11072:7680645] *** CFMessagePort: bootstrap_register(): failed 1100 (0x44c) 'Permission denied', port = 0x7f07, name = 'com.apple.tsm.portname'
See /usr/include/servers/bootstrap_defs.h for the error codes.
1537645584668	Marionette	INFO	Listening on port 51198
1537645584675	Marionette	WARN	TLS certificate errors will be ignored for this session
1537645584737	Marionette	DEBUG	[4294967297] Frame script loaded
1537645584738	Marionette	DEBUG	[4294967297] Frame script registered
1537645584817	Marionette	DEBUG	[4294967297] Received DOM event beforeunload for about:blank
1537645585006	Marionette	DEBUG	[4294967297] Received DOM event pagehide for about:blank
2018-09-22 14:46:25.234 plugin-container[11073:7680814] *** CFMessagePort: bootstrap_register(): failed 1100 (0x44c) 'Permission denied', port = 0x8d3f, name = 'com.apple.tsm.portname'
See /usr/include/servers/bootstrap_defs.h for the error codes.
1537645585486	Marionette	DEBUG	[4294967297] Received DOM event DOMContentLoaded for https://www.wisc.edu/directories/
1537645585896	Marionette	DEBUG	[4294967297] Received DOM event pageshow for https://www.wisc.edu/directories/
1537645586147	Marionette	DEBUG	[4294967297] Canceled page load listener because no navigation has been detected
1537645597677	Marionette	INFO	Stopped listening on port 51121
1537645599819	Marionette	INFO	Stopped listening on port 51198
1537645609464	mozrunner::runner	INFO	Running command: "/Applications/Firefox.app/Contents/MacOS/firefox-bin" "-marionette" "-foreground" "-no-remote" "-profile" "/var/folders/7g/8zfvxwc9549037j8xnpf4f8c0000gn/T/rust_mozprofile.c8d1suRs35u4"
2018-09-22 14:46:51.161 plugin-container[11093:7681505] *** CFMessagePort: bootstrap_register(): failed 1100 (0x44c) 'Permission denied', port = 0x8a3f, name = 'com.apple.tsm.portname'
See /usr/include/servers/bootstrap_defs.h for the error codes.
2018-09-22 14:46:51.359 plugin-container[11094:7681532] *** CFMessagePort: bootstrap_register(): failed 1100 (0x44c) 'Permission denied', port = 0x7743, name = 'com.apple.tsm.portname'
See /usr/include/servers/bootstrap_defs.h for the error codes.
1537645611701	Marionette	INFO	Listening on port 51260
1537645611718	Marionette	WARN	TLS certificate errors will be ignored for this session
1537645611781	Marionette	DEBUG	[4294967297] Frame script loaded
1537645611783	Marionette	DEBUG	[4294967297] Frame script registered
1537645611884	Marionette	DEBUG	[4294967297] Received DOM event beforeunload for about:blank
1537645612132	Marionette	DEBUG	[4294967297] Received DOM event pagehide for about:blank
2018-09-22 14:46:52.376 plugin-container[11096:7681678] *** CFMessagePort: bootstrap_register(): failed 1100 (0x44c) 'Permission denied', port = 0x7043, name = 'com.apple.tsm.portname'
See /usr/include/servers/bootstrap_defs.h for the error codes.
1537645612581	Marionette	DEBUG	[4294967297] Received DOM event DOMContentLoaded for https://www.wisc.edu/directories/
1537645613027	Marionette	DEBUG	[4294967297] Received DOM event pageshow for https://www.wisc.edu/directories/
1537645613312	Marionette	DEBUG	[4294967297] Canceled page load listener because no navigation has been detected
1537645622636	Marionette	INFO	Stopped listening on port 51260
1537645632222	mozrunner::runner	INFO	Running command: "/Applications/Firefox.app/Contents/MacOS/firefox-bin" "-marionette" "-foreground" "-no-remote" "-profile" "/var/folders/7g/8zfvxwc9549037j8xnpf4f8c0000gn/T/rust_mozprofile.Gd90peTAN6Rm"
2018-09-22 14:47:13.868 plugin-container[11113:7682291] *** CFMessagePort: bootstrap_register(): failed 1100 (0x44c) 'Permission denied', port = 0x703f, name = 'com.apple.tsm.portname'
See /usr/include/servers/bootstrap_defs.h for the error codes.
2018-09-22 14:47:14.239 plugin-container[11114:7682318] *** CFMessagePort: bootstrap_register(): failed 1100 (0x44c) 'Permission denied', port = 0x8803, name = 'com.apple.tsm.portname'
See /usr/include/servers/bootstrap_defs.h for the error codes.
1537645634590	Marionette	INFO	Listening on port 51346
1537645634599	Marionette	WARN	TLS certificate errors will be ignored for this session
1537645634663	Marionette	DEBUG	[4294967297] Frame script loaded
1537645634664	Marionette	DEBUG	[4294967297] Frame script registered
1537645634712	Marionette	DEBUG	[4294967297] Received DOM event beforeunload for about:blank
1537645634991	Marionette	DEBUG	[4294967297] Received DOM event pagehide for about:blank
2018-09-22 14:47:15.372 plugin-container[11115:7682473] *** CFMessagePort: bootstrap_register(): failed 1100 (0x44c) 'Permission denied', port = 0x743f, name = 'com.apple.tsm.portname'
See /usr/include/servers/bootstrap_defs.h for the error codes.
1537645635465	Marionette	DEBUG	[4294967297] Received DOM event DOMContentLoaded for https://www.wisc.edu/directories/
1537645635859	Marionette	DEBUG	[4294967297] Received DOM event pageshow for https://www.wisc.edu/directories/
1537645636115	Marionette	DEBUG	[4294967297] Canceled page load listener because no navigation has been detected
1537645752471	mozrunner::runner	INFO	Running command: "/Applications/Firefox.app/Contents/MacOS/firefox-bin" "-marionette" "-foreground" "-no-remote" "-profile" "/var/folders/7g/8zfvxwc9549037j8xnpf4f8c0000gn/T/rust_mozprofile.ptMqruIl8ONN"
2018-09-22 14:49:13.952 plugin-container[11155:7684730] *** CFMessagePort: bootstrap_register(): failed 1100 (0x44c) 'Permission denied', port = 0x8c3f, name = 'com.apple.tsm.portname'
See /usr/include/servers/bootstrap_defs.h for the error codes.
2018-09-22 14:49:14.325 plugin-container[11156:7684755] *** CFMessagePort: bootstrap_register(): failed 1100 (0x44c) 'Permission denied', port = 0x723f, name = 'com.apple.tsm.portname'
See /usr/include/servers/bootstrap_defs.h for the error codes.
1537645754663	Marionette	INFO	Listening on port 51439
1537645754782	Marionette	WARN	TLS certificate errors will be ignored for this session
1537645754853	Marionette	DEBUG	[4294967297] Frame script loaded
1537645754855	Marionette	DEBUG	[4294967297] Frame script registered
1537645754881	Marionette	DEBUG	[4294967297] Received DOM event beforeunload for about:blank
1537645755092	Marionette	DEBUG	[4294967297] Received DOM event pagehide for about:blank
2018-09-22 14:49:15.209 plugin-container[11157:7684897] *** CFMessagePort: bootstrap_register(): failed 1100 (0x44c) 'Permission denied', port = 0x713f, name = 'com.apple.tsm.portname'
See /usr/include/servers/bootstrap_defs.h for the error codes.
1537645755566	Marionette	DEBUG	[4294967297] Received DOM event DOMContentLoaded for https://www.wisc.edu/directories/
1537645755973	Marionette	DEBUG	[4294967297] Received DOM event pageshow for https://www.wisc.edu/directories/
1537645756243	Marionette	DEBUG	[4294967297] Canceled page load listener because no navigation has been detected
1537645780137	mozrunner::runner	INFO	Running command: "/Applications/Firefox.app/Contents/MacOS/firefox-bin" "-marionette" "-foreground" "-no-remote" "-profile" "/var/folders/7g/8zfvxwc9549037j8xnpf4f8c0000gn/T/rust_mozprofile.bYQXme8ut8yw"
2018-09-22 14:49:41.821 plugin-container[11169:7685465] *** CFMessagePort: bootstrap_register(): failed 1100 (0x44c) 'Permission denied', port = 0x713b, name = 'com.apple.tsm.portname'
See /usr/include/servers/bootstrap_defs.h for the error codes.
2018-09-22 14:49:42.291 plugin-container[11170:7685489] *** CFMessagePort: bootstrap_register(): failed 1100 (0x44c) 'Permission denied', port = 0x913f, name = 'com.apple.tsm.portname'
See /usr/include/servers/bootstrap_defs.h for the error codes.
1537645782644	Marionette	INFO	Listening on port 51503
1537645782717	Marionette	WARN	TLS certificate errors will be ignored for this session
1537645782766	Marionette	DEBUG	[4294967297] Frame script loaded
1537645782802	Marionette	DEBUG	[4294967297] Frame script registered
1537645782856	Marionette	DEBUG	[4294967297] Received DOM event beforeunload for about:blank
1537645783079	Marionette	DEBUG	[4294967297] Received DOM event pagehide for about:blank
2018-09-22 14:49:43.259 plugin-container[11172:7685636] *** CFMessagePort: bootstrap_register(): failed 1100 (0x44c) 'Permission denied', port = 0x7143, name = 'com.apple.tsm.portname'
See /usr/include/servers/bootstrap_defs.h for the error codes.
1537645783633	Marionette	DEBUG	[4294967297] Received DOM event DOMContentLoaded for https://www.wisc.edu/directories/
1537645785055	Marionette	DEBUG	[4294967297] Received DOM event pageshow for https://www.wisc.edu/directories/
1537645785311	Marionette	DEBUG	[4294967297] Canceled page load listener because no navigation has been detected
1537645835169	Marionette	INFO	Stopped listening on port 51346
1537645837358	Marionette	INFO	Stopped listening on port 51439
1537645839588	Marionette	INFO	Stopped listening on port 51503
1537645879826	mozrunner::runner	INFO	Running command: "/Applications/Firefox.app/Contents/MacOS/firefox-bin" "-marionette" "-foreground" "-no-remote" "-profile" "/var/folders/7g/8zfvxwc9549037j8xnpf4f8c0000gn/T/rust_mozprofile.TJ7TtxJaq1PW"
2018-09-22 14:51:21.425 plugin-container[11205:7687792] *** CFMessagePort: bootstrap_register(): failed 1100 (0x44c) 'Permission denied', port = 0x7c27, name = 'com.apple.tsm.portname'
See /usr/include/servers/bootstrap_defs.h for the error codes.
2018-09-22 14:51:21.789 plugin-container[11206:7687820] *** CFMessagePort: bootstrap_register(): failed 1100 (0x44c) 'Permission denied', port = 0x8c3f, name = 'com.apple.tsm.portname'
See /usr/include/servers/bootstrap_defs.h for the error codes.
1537645882051	Marionette	INFO	Listening on port 51586
1537645882123	Marionette	WARN	TLS certificate errors will be ignored for this session
1537645882194	Marionette	DEBUG	[4294967297] Frame script loaded
1537645882202	Marionette	DEBUG	[4294967297] Frame script registered
1537645882238	Marionette	DEBUG	[4294967297] Received DOM event beforeunload for about:blank
1537645882514	Marionette	DEBUG	[4294967297] Received DOM event pagehide for about:blank
2018-09-22 14:51:23.030 plugin-container[11207:7687980] *** CFMessagePort: bootstrap_register(): failed 1100 (0x44c) 'Permission denied', port = 0x7047, name = 'com.apple.tsm.portname'
See /usr/include/servers/bootstrap_defs.h for the error codes.
1537645883201	Marionette	DEBUG	[4294967297] Received DOM event DOMContentLoaded for https://www.wisc.edu/directories/
1537645883717	Marionette	DEBUG	[4294967297] Received DOM event pageshow for https://www.wisc.edu/directories/
1537645883978	Marionette	DEBUG	[4294967297] Canceled page load listener because no navigation has been detected
1537645959725	mozrunner::runner	INFO	Running command: "/Applications/Firefox.app/Contents/MacOS/firefox-bin" "-marionette" "-foreground" "-no-remote" "-profile" "/var/folders/7g/8zfvxwc9549037j8xnpf4f8c0000gn/T/rust_mozprofile.EzBn6GB3qg3r"
2018-09-22 14:52:41.236 plugin-container[11249:7689940] *** CFMessagePort: bootstrap_register(): failed 1100 (0x44c) 'Permission denied', port = 0x8f3f, name = 'com.apple.tsm.portname'
See /usr/include/servers/bootstrap_defs.h for the error codes.
2018-09-22 14:52:41.623 plugin-container[11250:7689965] *** CFMessagePort: bootstrap_register(): failed 1100 (0x44c) 'Permission denied', port = 0x8b43, name = 'com.apple.tsm.portname'
See /usr/include/servers/bootstrap_defs.h for the error codes.
1537645961935	Marionette	INFO	Listening on port 51662
1537645962000	Marionette	WARN	TLS certificate errors will be ignored for this session
1537645962056	Marionette	DEBUG	[4294967297] Frame script loaded
1537645962065	Marionette	DEBUG	[4294967297] Frame script registered
1537645962091	Marionette	DEBUG	[4294967297] Received DOM event beforeunload for about:blank
1537645962419	Marionette	DEBUG	[4294967297] Received DOM event pagehide for about:blank
2018-09-22 14:52:42.704 plugin-container[11251:7690136] *** CFMessagePort: bootstrap_register(): failed 1100 (0x44c) 'Permission denied', port = 0x733f, name = 'com.apple.tsm.portname'
See /usr/include/servers/bootstrap_defs.h for the error codes.
1537645962964	Marionette	DEBUG	[4294967297] Received DOM event DOMContentLoaded for https://www.wisc.edu/directories/
1537645963398	Marionette	DEBUG	[4294967297] Received DOM event pageshow for https://www.wisc.edu/directories/
1537645963658	Marionette	DEBUG	[4294967297] Canceled page load listener because no navigation has been detected
1537645997299	mozrunner::runner	INFO	Running command: "/Applications/Firefox.app/Contents/MacOS/firefox-bin" "-marionette" "-foreground" "-no-remote" "-profile" "/var/folders/7g/8zfvxwc9549037j8xnpf4f8c0000gn/T/rust_mozprofile.pClPbDO1Gnwo"
2018-09-22 14:53:18.884 plugin-container[11265:7690839] *** CFMessagePort: bootstrap_register(): failed 1100 (0x44c) 'Permission denied', port = 0x7203, name = 'com.apple.tsm.portname'
See /usr/include/servers/bootstrap_defs.h for the error codes.
2018-09-22 14:53:19.339 plugin-container[11268:7690869] *** CFMessagePort: bootstrap_register(): failed 1100 (0x44c) 'Permission denied', port = 0x7603, name = 'com.apple.tsm.portname'
See /usr/include/servers/bootstrap_defs.h for the error codes.
1537645999865	Marionette	INFO	Listening on port 51727
1537645999907	Marionette	WARN	TLS certificate errors will be ignored for this session
1537645999991	Marionette	DEBUG	[4294967297] Frame script loaded
1537645999992	Marionette	DEBUG	[4294967297] Frame script registered
1537646000098	Marionette	DEBUG	[4294967297] Received DOM event beforeunload for about:blank
2018-09-22 14:53:20.137 plugin-container[11269:7691018] *** CFMessagePort: bootstrap_register(): failed 1100 (0x44c) 'Permission denied', port = 0x8943, name = 'com.apple.tsm.portname'
See /usr/include/servers/bootstrap_defs.h for the error codes.
1537646000280	Marionette	DEBUG	[4294967297] Received DOM event pagehide for about:blank
1537646000693	Marionette	DEBUG	[4294967297] Received DOM event DOMContentLoaded for https://www.wisc.edu/directories/
1537646001199	Marionette	DEBUG	[4294967297] Received DOM event pageshow for https://www.wisc.edu/directories/
1537646001472	Marionette	DEBUG	[4294967297] Canceled page load listener because no navigation has been detected
1537646045373	Marionette	INFO	Stopped listening on port 51586
1537646047702	Marionette	INFO	Stopped listening on port 51662
1537646050470	Marionette	INFO	Stopped listening on port 51727
1537646054086	mozrunner::runner	INFO	Running command: "/Applications/Firefox.app/Contents/MacOS/firefox-bin" "-marionette" "-foreground" "-no-remote" "-profile" "/var/folders/7g/8zfvxwc9549037j8xnpf4f8c0000gn/T/rust_mozprofile.IJjfyoITqIkG"
2018-09-22 14:54:15.882 plugin-container[11287:7692097] *** CFMessagePort: bootstrap_register(): failed 1100 (0x44c) 'Permission denied', port = 0x753f, name = 'com.apple.tsm.portname'
See /usr/include/servers/bootstrap_defs.h for the error codes.
2018-09-22 14:54:16.263 plugin-container[11288:7692123] *** CFMessagePort: bootstrap_register(): failed 1100 (0x44c) 'Permission denied', port = 0x8743, name = 'com.apple.tsm.portname'
See /usr/include/servers/bootstrap_defs.h for the error codes.
1537646056634	Marionette	INFO	Listening on port 51797
1537646056674	Marionette	WARN	TLS certificate errors will be ignored for this session
1537646056725	Marionette	DEBUG	[4294967297] Frame script loaded
1537646056726	Marionette	DEBUG	[4294967297] Frame script registered
1537646056807	Marionette	DEBUG	[4294967297] Received DOM event beforeunload for about:blank
1537646057042	Marionette	DEBUG	[4294967297] Received DOM event pagehide for about:blank
2018-09-22 14:54:17.423 plugin-container[11289:7692269] *** CFMessagePort: bootstrap_register(): failed 1100 (0x44c) 'Permission denied', port = 0x843f, name = 'com.apple.tsm.portname'
See /usr/include/servers/bootstrap_defs.h for the error codes.
1537646057576	Marionette	DEBUG	[4294967297] Received DOM event DOMContentLoaded for https://www.wisc.edu/directories/
1537646058041	Marionette	DEBUG	[4294967297] Received DOM event pageshow for https://www.wisc.edu/directories/
1537646058455	Marionette	DEBUG	[4294967297] Canceled page load listener because no navigation has been detected
1537646086670	mozrunner::runner	INFO	Running command: "/Applications/Firefox.app/Contents/MacOS/firefox-bin" "-marionette" "-foreground" "-no-remote" "-profile" "/var/folders/7g/8zfvxwc9549037j8xnpf4f8c0000gn/T/rust_mozprofile.AFEkn7NwuDdu"
2018-09-22 14:54:48.185 plugin-container[11301:7693072] *** CFMessagePort: bootstrap_register(): failed 1100 (0x44c) 'Permission denied', port = 0x783b, name = 'com.apple.tsm.portname'
See /usr/include/servers/bootstrap_defs.h for the error codes.
2018-09-22 14:54:48.560 plugin-container[11302:7693098] *** CFMessagePort: bootstrap_register(): failed 1100 (0x44c) 'Permission denied', port = 0x873f, name = 'com.apple.tsm.portname'
See /usr/include/servers/bootstrap_defs.h for the error codes.
1537646088890	Marionette	INFO	Listening on port 51863
1537646088944	Marionette	WARN	TLS certificate errors will be ignored for this session
1537646088994	Marionette	DEBUG	[4294967297] Frame script loaded
1537646088998	Marionette	DEBUG	[4294967297] Frame script registered
1537646089021	Marionette	DEBUG	[4294967297] Received DOM event beforeunload for about:blank
1537646089331	Marionette	DEBUG	[4294967297] Received DOM event pagehide for about:blank
2018-09-22 14:54:49.782 plugin-container[11303:7693256] *** CFMessagePort: bootstrap_register(): failed 1100 (0x44c) 'Permission denied', port = 0x8b07, name = 'com.apple.tsm.portname'
See /usr/include/servers/bootstrap_defs.h for the error codes.
1537646089811	Marionette	DEBUG	[4294967297] Received DOM event DOMContentLoaded for https://www.wisc.edu/directories/
1537646090381	Marionette	DEBUG	[4294967297] Received DOM event pageshow for https://www.wisc.edu/directories/
1537646090747	Marionette	DEBUG	[4294967297] Canceled page load listener because no navigation has been detected
1537646107128	Marionette	INFO	Stopped listening on port 51797
1537646109527	Marionette	INFO	Stopped listening on port 51863
